Base path: 'C:/Program Files/Unity/Hub/Editor/2019.4.13f1/Editor/Data', plugins path 'C:/Program Files/Unity/Hub/Editor/2019.4.13f1/Editor/Data/PlaybackEngines'
Cmd: initializeCompiler
Cmd: compileComputeKernel
  api=4 insize=12109 outsize=1046 ok=1
Cmd: compileComputeKernel
  api=4 insize=11985 outsize=1465 ok=1
Cmd: compileComputeKernel
  api=4 insize=11985 outsize=1905 ok=1
Cmd: compileComputeKernel
  api=4 insize=11985 outsize=1499 ok=1
Cmd: compileComputeKernel
  api=4 insize=11985 outsize=1616 ok=1
Cmd: compileComputeKernel
  api=4 insize=18301 outsize=2213 ok=1
Cmd: compileComputeKernel
  api=4 insize=18301 outsize=3003 ok=1
Cmd: compileComputeKernel
  api=4 insize=66874 outsize=2850 ok=1
Cmd: compileComputeKernel
  api=4 insize=66874 outsize=2631 ok=1
Cmd: compileComputeKernel
  api=4 insize=66874 outsize=1634 ok=1
Cmd: compileComputeKernel
  api=4 insize=66874 outsize=1489 ok=1
Cmd: compileComputeKernel
  api=4 insize=66874 outsize=1610 ok=1
Cmd: compileComputeKernel
  api=4 insize=66874 outsize=1287 ok=1
Cmd: compileComputeKernel
  api=4 insize=66874 outsize=1285 ok=1
Cmd: compileComputeKernel
  api=4 insize=66874 outsize=1631 ok=1
Cmd: compileComputeKernel
  api=4 insize=66874 outsize=1321 ok=1
Cmd: compileComputeKernel
  api=4 insize=66874 outsize=1861 ok=1
Cmd: compileComputeKernel
  api=4 insize=66874 outsize=1974 ok=1
Cmd: compileComputeKernel
  api=4 insize=66874 outsize=1849 ok=1
Cmd: compileComputeKernel
  api=4 insize=66874 outsize=1326 ok=1
Cmd: compileComputeKernel
  api=4 insize=66874 outsize=1302 ok=1
Cmd: compileComputeKernel
  api=4 insize=66874 outsize=1590 ok=1
Cmd: compileComputeKernel
  api=4 insize=66874 outsize=1427 ok=1
Cmd: compileComputeKernel
  api=4 insize=66874 outsize=1382 ok=1
Cmd: compileComputeKernel
  api=4 insize=72903 outsize=7768 ok=1
Cmd: compileComputeKernel
  api=4 insize=34089 outsize=677 ok=1
Cmd: compileComputeKernel
  api=4 insize=34089 outsize=769 ok=1
Cmd: compileComputeKernel
  api=4 insize=34089 outsize=806 ok=1
Cmd: compileComputeKernel
  api=4 insize=34089 outsize=1094 ok=1
Cmd: compileComputeKernel
  api=4 insize=34089 outsize=1023 ok=1
Cmd: compileComputeKernel
  api=4 insize=34089 outsize=677 ok=1
Cmd: compileComputeKernel
  api=4 insize=34089 outsize=854 ok=1
Cmd: compileComputeKernel
  api=4 insize=34089 outsize=1035 ok=1
Cmd: compileComputeKernel
  api=4 insize=34089 outsize=1321 ok=1
Cmd: compileComputeKernel
  api=4 insize=34089 outsize=1520 ok=1
Cmd: compileComputeKernel
  api=4 insize=34089 outsize=1442 ok=1
Cmd: compileComputeKernel
  api=4 insize=34089 outsize=1288 ok=1
Cmd: compileComputeKernel
  api=4 insize=34089 outsize=1221 ok=1
Cmd: compileComputeKernel
  api=4 insize=34089 outsize=1618 ok=1
Cmd: compileComputeKernel
  api=4 insize=79248 outsize=14204 ok=1
Cmd: compileComputeKernel
  api=4 insize=79248 outsize=24890 ok=1
Cmd: compileComputeKernel
  api=4 insize=4442 outsize=1590 ok=1
Cmd: compileComputeKernel
  api=4 insize=1900 outsize=3122 ok=1
Unhandled exception: Protocol error - unexpected end of data (did the Editor crash?)

Quitting shader compiler process
