Base path: 'C:/Program Files/Unity/Hub/Editor/2019.4.13f1/Editor/Data', plugins path 'C:/Program Files/Unity/Hub/Editor/2019.4.13f1/Editor/Data/PlaybackEngines'
Cmd: initializeCompiler
Cmd: compileComputeKernel
  api=4 insize=12109 outsize=1027 ok=1
Cmd: compileComputeKernel
  api=4 insize=11985 outsize=1465 ok=1
Cmd: compileComputeKernel
  api=4 insize=11985 outsize=1620 ok=1
Cmd: compileComputeKernel
  api=4 insize=11985 outsize=1494 ok=1
Cmd: compileComputeKernel
  api=4 insize=11985 outsize=1611 ok=1
Cmd: compileComputeKernel
  api=4 insize=18301 outsize=3271 ok=1
Cmd: compileComputeKernel
  api=4 insize=18301 outsize=5897 ok=1
Cmd: compileComputeKernel
  api=4 insize=66874 outsize=1686 ok=1
Cmd: compileComputeKernel
  api=4 insize=66874 outsize=3099 ok=1
Cmd: compileComputeKernel
  api=4 insize=66874 outsize=1489 ok=1
Cmd: compileComputeKernel
  api=4 insize=66874 outsize=2077 ok=1
Cmd: compileComputeKernel
  api=4 insize=66874 outsize=1407 ok=1
Cmd: compileComputeKernel
  api=4 insize=66874 outsize=1597 ok=1
Cmd: compileComputeKernel
  api=4 insize=66874 outsize=1324 ok=1
Cmd: compileComputeKernel
  api=4 insize=66874 outsize=1287 ok=1
Cmd: compileComputeKernel
  api=4 insize=66874 outsize=1310 ok=1
Cmd: compileComputeKernel
  api=4 insize=66874 outsize=1321 ok=1
Cmd: compileComputeKernel
  api=4 insize=66874 outsize=1359 ok=1
Cmd: compileComputeKernel
  api=4 insize=66874 outsize=1311 ok=1
Cmd: compileComputeKernel
  api=4 insize=66874 outsize=1364 ok=1
Cmd: compileComputeKernel
  api=4 insize=66874 outsize=1819 ok=1
Cmd: compileComputeKernel
  api=4 insize=66874 outsize=1974 ok=1
Cmd: compileComputeKernel
  api=4 insize=66874 outsize=1856 ok=1
Cmd: compileComputeKernel
  api=4 insize=66874 outsize=1853 ok=1
Cmd: compileComputeKernel
  api=4 insize=66874 outsize=1998 ok=1
Cmd: compileComputeKernel
  api=4 insize=66874 outsize=1341 ok=1
Cmd: compileComputeKernel
  api=4 insize=66874 outsize=2178 ok=1
Cmd: compileComputeKernel
  api=4 insize=66874 outsize=1680 ok=1
Cmd: compileComputeKernel
  api=4 insize=66874 outsize=1382 ok=1
Cmd: compileComputeKernel
  api=4 insize=72903 outsize=6467 ok=1
Cmd: compileComputeKernel
  api=4 insize=34089 outsize=772 ok=1
Cmd: compileComputeKernel
  api=4 insize=34089 outsize=628 ok=1
Cmd: compileComputeKernel
  api=4 insize=34089 outsize=937 ok=1
Cmd: compileComputeKernel
  api=4 insize=34089 outsize=854 ok=1
Cmd: compileComputeKernel
  api=4 insize=34089 outsize=749 ok=1
Cmd: compileComputeKernel
  api=4 insize=34089 outsize=796 ok=1
Cmd: compileComputeKernel
  api=4 insize=34089 outsize=700 ok=1
Cmd: compileComputeKernel
  api=4 insize=34089 outsize=1292 ok=1
Cmd: compileComputeKernel
  api=4 insize=34089 outsize=1861 ok=1
Cmd: compileComputeKernel
  api=4 insize=34089 outsize=1369 ok=1
Cmd: compileComputeKernel
  api=4 insize=34089 outsize=1300 ok=1
Cmd: compileComputeKernel
  api=4 insize=34089 outsize=1296 ok=1
Cmd: compileComputeKernel
  api=4 insize=34089 outsize=1248 ok=1
Cmd: compileComputeKernel
  api=4 insize=34089 outsize=1346 ok=1
Cmd: compileComputeKernel
  api=4 insize=34089 outsize=1364 ok=1
Cmd: compileComputeKernel
  api=4 insize=79248 outsize=11481 ok=1
Cmd: compileComputeKernel
  api=4 insize=79248 outsize=27514 ok=1
Cmd: compileComputeKernel
  api=4 insize=4442 outsize=1684 ok=1
Cmd: compileSnippet
  api=4 type=1 insize=731 outsize=574 kw=ETC1_EXTERNAL_ALPHA pd=UNITY_ENABLE_REFLECTION_BUFFERS UNITY_USE_DITHER_MASK_FOR_ALPHABLENDED_SHADOWS UNITY_PBS_USE_BRDF1 UNITY_SPECCUBE_BOX_PROJECTION UNITY_SPECCUBE_BLENDING UNITY_ENABLE_DETAIL_NORMALMAP SHADER_API_DESKTOP UNITY_COLORSPACE_GAMMA UNITY_LIGHT_PROBE_PROXY_VOLUME UNITY_LIGHTMAP_FULL_HDR ok=1
Unhandled exception: Protocol error - unexpected end of data (did the Editor crash?)

Quitting shader compiler process
