Using pre-set license
Built from '2021.1/staging' branch; Version is '2021.1.21f1 (f2d5d3c59f8c) revision 15914451'; Using compiler version '192528614'; Build Type 'Release'
OS: 'Windows 10 Home Single Language; OS build 19042.1237; Version 2009; 64bit' Language: 'en' Physical Memory: 16276 MB
BatchMode: 1, IsHumanControllingUs: 0, StartBugReporterOnCrash: 0, Is64bit: 1, IsPro: 0

COMMAND LINE ARGUMENTS:
C:\Program Files\Unity\Hub\Editor\2018.4.28f1\2021.1.21f1\Editor\Unity.exe
-adb2
-batchMode
-noUpm
-name
AssetImportWorker1
-projectPath
C:/Users/Joshua/Desktop/Research Material/AI Level Designer/AI_LevelDesigner_Alpha
-logFile
Logs/AssetImportWorker1.log
-srvPort
1032
Successfully changed project path to: C:/Users/Joshua/Desktop/Research Material/AI Level Designer/AI_LevelDesigner_Alpha
C:/Users/Joshua/Desktop/Research Material/AI Level Designer/AI_LevelDesigner_Alpha
Using Asset Import Pipeline V2.
Refreshing native plugins compatible for Editor in 148.88 ms, found 3 plugins.
Preloading 0 native plugins for Editor in 0.00 ms.
Initialize engine version: 2021.1.21f1 (f2d5d3c59f8c)
[Subsystems] Discovering subsystems at path C:/Program Files/Unity/Hub/Editor/2018.4.28f1/2021.1.21f1/Editor/Data/Resources/UnitySubsystems
[Subsystems] Discovering subsystems at path C:/Users/Joshua/Desktop/Research Material/AI Level Designer/AI_LevelDesigner_Alpha/Assets
GfxDevice: creating device client; threaded=0; jobified=0
Direct3D:
    Version:  Direct3D 11.0 [level 11.0]
    Renderer: NVIDIA GeForce GTX 950M (ID=0x139a)
    Vendor:   NVIDIA
    VRAM:     4055 MB
    Driver:   27.21.14.5751
Initialize mono
Mono path[0] = 'C:/Program Files/Unity/Hub/Editor/2018.4.28f1/2021.1.21f1/Editor/Data/Managed'
Mono path[1] = 'C:/Program Files/Unity/Hub/Editor/2018.4.28f1/2021.1.21f1/Editor/Data/MonoBleedingEdge/lib/mono/unityjit'
Mono config path = 'C:/Program Files/Unity/Hub/Editor/2018.4.28f1/2021.1.21f1/Editor/Data/MonoBleedingEdge/etc'
Using monoOptions --debugger-agent=transport=dt_socket,embedding=1,server=y,suspend=n,address=127.0.0.1:56984
Begin MonoManager ReloadAssembly
Registering precompiled unity dll's ...
Register platform support module: C:/Program Files/Unity/Hub/Editor/2018.4.28f1/2021.1.21f1/Editor/Data/PlaybackEngines/WindowsStandaloneSupport/UnityEditor.WindowsStandalone.Extensions.dll
Registered in 0.004621 seconds.
Native extension for WindowsStandalone target not found
Refreshing native plugins compatible for Editor in 120.51 ms, found 3 plugins.
Preloading 0 native plugins for Editor in 0.00 ms.
Mono: successfully reloaded assembly
- Completed reload, in  2.266 seconds
Domain Reload Profiling:
	ReloadAssembly (2266ms)
		BeginReloadAssembly (135ms)
			ExecutionOrderSort (0ms)
			DisableScriptedObjects (0ms)
			BackupInstance (0ms)
			ReleaseScriptingObjects (0ms)
			CreateAndSetChildDomain (1ms)
		EndReloadAssembly (796ms)
			LoadAssemblies (129ms)
			RebuildTransferFunctionScriptingTraits (0ms)
			SetupTypeCache (299ms)
			ReleaseScriptCaches (0ms)
			RebuildScriptCaches (52ms)
			SetupLoadedEditorAssemblies (351ms)
				LogAssemblyErrors (0ms)
				InitializePlatformSupportModulesInManaged (11ms)
				SetLoadedEditorAssemblies (1ms)
				RefreshPlugins (121ms)
				BeforeProcessingInitializeOnLoad (2ms)
				ProcessInitializeOnLoadAttributes (162ms)
				ProcessInitializeOnLoadMethodAttributes (55ms)
				AfterProcessingInitializeOnLoad (0ms)
				EditorAssembliesLoaded (0ms)
			ExecutionOrderSort2 (0ms)
			AwakeInstancesAfterBackupRestoration (0ms)
Platform modules already initialized, skipping
Registering precompiled user dll's ...
Registered in 0.029298 seconds.
Begin MonoManager ReloadAssembly
Native extension for WindowsStandalone target not found
Refreshing native plugins compatible for Editor in 113.73 ms, found 3 plugins.
Preloading 0 native plugins for Editor in 0.00 ms.
Mono: successfully reloaded assembly
- Completed reload, in  3.029 seconds
Domain Reload Profiling:
	ReloadAssembly (3030ms)
		BeginReloadAssembly (300ms)
			ExecutionOrderSort (0ms)
			DisableScriptedObjects (9ms)
			BackupInstance (0ms)
			ReleaseScriptingObjects (0ms)
			CreateAndSetChildDomain (32ms)
		EndReloadAssembly (2614ms)
			LoadAssemblies (214ms)
			RebuildTransferFunctionScriptingTraits (0ms)
			SetupTypeCache (682ms)
			ReleaseScriptCaches (1ms)
			RebuildScriptCaches (87ms)
			SetupLoadedEditorAssemblies (1451ms)
				LogAssemblyErrors (0ms)
				InitializePlatformSupportModulesInManaged (6ms)
				SetLoadedEditorAssemblies (0ms)
				RefreshPlugins (114ms)
				BeforeProcessingInitializeOnLoad (140ms)
				ProcessInitializeOnLoadAttributes (1062ms)
				ProcessInitializeOnLoadMethodAttributes (110ms)
				AfterProcessingInitializeOnLoad (19ms)
				EditorAssembliesLoaded (0ms)
			ExecutionOrderSort2 (0ms)
			AwakeInstancesAfterBackupRestoration (10ms)
Platform modules already initialized, skipping
========================================================================
Worker process is ready to serve import requests
Launched and connected shader compiler UnityShaderCompiler.exe after 0.08 seconds
Refreshing native plugins compatible for Editor in 1.70 ms, found 3 plugins.
Preloading 0 native plugins for Editor in 0.00 ms.
Unloading 2753 Unused Serialized files (Serialized files now loaded: 0)
System memory in use before: 119.1 MB.
System memory in use after: 119.3 MB.

Unloading 78 unused Assets to reduce memory usage. Loaded Objects now: 3154.
Total: 14.021800 ms (FindLiveObjects: 0.433800 ms CreateObjectMapping: 0.219200 ms MarkObjects: 13.168900 ms  DeleteObjects: 0.197100 ms)

AssetImportParameters requested are different than current active one (requested -> active):
  custom:framework-win-MediaFoundation: 216162199b28c13a410421893ffa2e32 -> 
  custom:video-decoder-ogg-theora: a1e56fd34408186e4bbccfd4996cb3dc -> 
  custom:container-muxer-webm: aa71ff27fc2769a1b78a27578f13a17b -> 
  custom:container-demuxer-webm: 4f35f7cbe854078d1ac9338744f61a02 -> 
  custom:container-demuxer-ogg: 62fdf1f143b41e24485cea50d1cbac27 -> 
  custom:video-encoder-webm-vp8: eb34c28f22e8b96e1ab97ce403110664 -> 
  custom:video-codec-MediaFoundation-h265: 746d11721c4dcdbdad8f713fa42b33f4 -> 
  custom:video-decoder-webm-vp8: 9c59270c3fd7afecdb556c50c9e8de78 -> 
  custom:audio-decoder-ogg-vorbis: bf7c407c2cedff20999df2af8eb42d56 -> 
  custom:audio-encoder-webm-vorbis: bf7c407c2cedff20999df2af8eb42d56 -> 
========================================================================
Received Import Request.
  path: Packages/com.unity.ads
  artifactKey: Guid(17b632677410799367a53dc7ab96a8c2) Importer(815301076,1909f56bfc062723c751e8b465ee728b)
Start importing Packages/com.unity.ads using Guid(17b632677410799367a53dc7ab96a8c2) Importer(815301076,1909f56bfc062723c751e8b465ee728b)  -> (artifact id: 'b002a34be9999b34e8fd75d538334b60') in 0.009619 seconds 
========================================================================
Received Import Request.
  Time since last request: 0.000961 seconds.
  path: Packages/com.unity.burst
  artifactKey: Guid(65d1b64226033bcd2de5b4e51938fb75) Importer(815301076,1909f56bfc062723c751e8b465ee728b)
Start importing Packages/com.unity.burst using Guid(65d1b64226033bcd2de5b4e51938fb75) Importer(815301076,1909f56bfc062723c751e8b465ee728b)  -> (artifact id: '34cd011f498a5f3fd49d693a47b42236') in 0.007149 seconds 
========================================================================
Received Import Request.
  Time since last request: 0.001440 seconds.
  path: Packages/com.unity.ml-agents/package.json
  artifactKey: Guid(e13b73fbfc8e74e4d87af46bf55d7df6) Importer(815301076,1909f56bfc062723c751e8b465ee728b)
Start importing Packages/com.unity.ml-agents/package.json using Guid(e13b73fbfc8e74e4d87af46bf55d7df6) Importer(815301076,1909f56bfc062723c751e8b465ee728b)  -> (artifact id: '14fd2633e5418d94e25249c6c8c612ce') in 0.084539 seconds 
========================================================================
Received Import Request.
  Time since last request: 0.001594 seconds.
  path: Packages/com.unity.barracuda
  artifactKey: Guid(f71965d39f553f5f30c3e718d806904f) Importer(815301076,1909f56bfc062723c751e8b465ee728b)
Start importing Packages/com.unity.barracuda using Guid(f71965d39f553f5f30c3e718d806904f) Importer(815301076,1909f56bfc062723c751e8b465ee728b)  -> (artifact id: '12f8bf5392005c8da57f455e9a202faf') in 0.006778 seconds 
========================================================================
Received Import Request.
  Time since last request: 0.000976 seconds.
  path: Assets/Scripts/StageBuider.cs
  artifactKey: Guid(8148bbec327e438439ec6b41d647b9c4) Importer(815301076,1909f56bfc062723c751e8b465ee728b)
Start importing Assets/Scripts/StageBuider.cs using Guid(8148bbec327e438439ec6b41d647b9c4) Importer(815301076,1909f56bfc062723c751e8b465ee728b)  -> (artifact id: 'dc392822c7f28ef8bc2bfcf0dfcf0757') in 0.076494 seconds 
========================================================================
Received Import Request.
  Time since last request: 0.000770 seconds.
  path: Packages/com.unity.ml-agents/Editor/Unity.ML-Agents.Editor.asmdef
  artifactKey: Guid(42675ddec8c314cf08d17ee0f6f5e5a5) Importer(815301076,1909f56bfc062723c751e8b465ee728b)
Start importing Packages/com.unity.ml-agents/Editor/Unity.ML-Agents.Editor.asmdef using Guid(42675ddec8c314cf08d17ee0f6f5e5a5) Importer(815301076,1909f56bfc062723c751e8b465ee728b)  -> (artifact id: 'd4e869c934089aa7538c5bb49281a2bb') in 0.012953 seconds 
========================================================================
Received Import Request.
  Time since last request: 0.001019 seconds.
  path: Assets/Scripts/GameScripts
  artifactKey: Guid(a960c85ba52b14f44a1fc8725b6a5253) Importer(815301076,1909f56bfc062723c751e8b465ee728b)
Start importing Assets/Scripts/GameScripts using Guid(a960c85ba52b14f44a1fc8725b6a5253) Importer(815301076,1909f56bfc062723c751e8b465ee728b)  -> (artifact id: '13e02b88938581291bbb665917f0db8f') in 0.009207 seconds 
========================================================================
Received Import Request.
  Time since last request: 0.000831 seconds.
  path: Packages/com.unity.2d.pixel-perfect
  artifactKey: Guid(915dabe870142d4eb34a5dbf62d6df68) Importer(815301076,1909f56bfc062723c751e8b465ee728b)
Start importing Packages/com.unity.2d.pixel-perfect using Guid(915dabe870142d4eb34a5dbf62d6df68) Importer(815301076,1909f56bfc062723c751e8b465ee728b)  -> (artifact id: 'c2f3111682522c8c1cda9d548ab00918') in 0.007958 seconds 
========================================================================
Received Import Request.
  Time since last request: 0.001161 seconds.
  path: Packages/com.unity.2d.sprite
  artifactKey: Guid(0901a6b758d060e9422c4f8d588d5895) Importer(815301076,1909f56bfc062723c751e8b465ee728b)
Start importing Packages/com.unity.2d.sprite using Guid(0901a6b758d060e9422c4f8d588d5895) Importer(815301076,1909f56bfc062723c751e8b465ee728b)  -> (artifact id: '1ac9f0859ed1eccac4506b3b2480e9d0') in 0.006642 seconds 
========================================================================
Received Import Request.
  Time since last request: 0.000969 seconds.
  path: Packages/com.unity.ml-agents/Plugins
  artifactKey: Guid(694794cb53c6c4bfc9b84ca5022f4ae2) Importer(815301076,1909f56bfc062723c751e8b465ee728b)
Start importing Packages/com.unity.ml-agents/Plugins using Guid(694794cb53c6c4bfc9b84ca5022f4ae2) Importer(815301076,1909f56bfc062723c751e8b465ee728b)  -> (artifact id: '7c8e29f9dfcba880f9f2efdc8d07d87c') in 0.007279 seconds 
========================================================================
Received Import Request.
  Time since last request: 0.002288 seconds.
  path: Packages/com.unity.ml-agents/Editor/UnityColors.colors
  artifactKey: Guid(b20b0226063034686a6cf92ade284285) Importer(815301076,1909f56bfc062723c751e8b465ee728b)
Start importing Packages/com.unity.ml-agents/Editor/UnityColors.colors using Guid(b20b0226063034686a6cf92ade284285) Importer(815301076,1909f56bfc062723c751e8b465ee728b)  -> (artifact id: '4c319874c80948447f00a77162ccb165') in 0.013537 seconds 
========================================================================
Received Import Request.
  Time since last request: 0.001018 seconds.
  path: Assets/Scripts
  artifactKey: Guid(7180b2e9f97774db6a291c04dceba7ca) Importer(815301076,1909f56bfc062723c751e8b465ee728b)
Start importing Assets/Scripts using Guid(7180b2e9f97774db6a291c04dceba7ca) Importer(815301076,1909f56bfc062723c751e8b465ee728b)  -> (artifact id: '74546c5bd6376bcdd3130d259f72bbb6') in 0.008984 seconds 
========================================================================
Received Import Request.
  Time since last request: 0.000879 seconds.
  path: Packages/com.unity.2d.tilemap
  artifactKey: Guid(4e00cf00a7281e0d7ee16a9f76f3c3bb) Importer(815301076,1909f56bfc062723c751e8b465ee728b)
Start importing Packages/com.unity.2d.tilemap using Guid(4e00cf00a7281e0d7ee16a9f76f3c3bb) Importer(815301076,1909f56bfc062723c751e8b465ee728b)  -> (artifact id: 'dd4db2989a23261ac4400a439f7f11f4') in 0.009239 seconds 
========================================================================
Received Import Request.
  Time since last request: 0.002179 seconds.
  path: Packages/com.unity.ml-agents/Third Party Notices.md
  artifactKey: Guid(3fb7f1407083340b8921a0520b2d8870) Importer(815301076,1909f56bfc062723c751e8b465ee728b)
Start importing Packages/com.unity.ml-agents/Third Party Notices.md using Guid(3fb7f1407083340b8921a0520b2d8870) Importer(815301076,1909f56bfc062723c751e8b465ee728b)  -> (artifact id: 'df53619c59f30a81642660e284f0308e') in 0.014131 seconds 
========================================================================
Received Import Request.
  Time since last request: 0.000996 seconds.
  path: Packages/com.unity.ml-agents/Editor
  artifactKey: Guid(e9de88a64ac5c4d2eb8955836199d61b) Importer(815301076,1909f56bfc062723c751e8b465ee728b)
Start importing Packages/com.unity.ml-agents/Editor using Guid(e9de88a64ac5c4d2eb8955836199d61b) Importer(815301076,1909f56bfc062723c751e8b465ee728b)  -> (artifact id: 'e0d03003849545e63a454383f8350fbd') in 0.006789 seconds 
========================================================================
Received Import Request.
  Time since last request: 0.001503 seconds.
  path: Packages/com.unity.analytics
  artifactKey: Guid(5c38c5679d98faa4ae7df9fae0a8226e) Importer(815301076,1909f56bfc062723c751e8b465ee728b)
Start importing Packages/com.unity.analytics using Guid(5c38c5679d98faa4ae7df9fae0a8226e) Importer(815301076,1909f56bfc062723c751e8b465ee728b)  -> (artifact id: '6b1e6bcc9a33b443c8100ccd1eccacfd') in 0.010308 seconds 
========================================================================
Received Import Request.
  Time since last request: 1.145330 seconds.
  path: Assets/Scripts/GameScripts/PlayerMove_Test.cs
  artifactKey: Guid(0b17c0eef2f37e14ab79a4b85ebfcf33) Importer(815301076,1909f56bfc062723c751e8b465ee728b)
Start importing Assets/Scripts/GameScripts/PlayerMove_Test.cs using Guid(0b17c0eef2f37e14ab79a4b85ebfcf33) Importer(815301076,1909f56bfc062723c751e8b465ee728b)  -> (artifact id: 'f83f30be5964d92e00cab108287309e6') in 0.005723 seconds 
========================================================================
Received Import Request.
  Time since last request: 14.040839 seconds.
  path: Assets/Scripts/GameScripts/PlayerLife.cs
  artifactKey: Guid(6e3527cff039c6f49b85ce97808d4695) Importer(815301076,1909f56bfc062723c751e8b465ee728b)
Start importing Assets/Scripts/GameScripts/PlayerLife.cs using Guid(6e3527cff039c6f49b85ce97808d4695) Importer(815301076,1909f56bfc062723c751e8b465ee728b)  -> (artifact id: 'a54062e35727c5d00557dba6f951a6cc') in 0.009327 seconds 
========================================================================
Received Import Request.
  Time since last request: 396.126035 seconds.
  path: Assets/Scripts/GameScripts/screenshot.cs
  artifactKey: Guid(9817b757450f6354597b9985bd339281) Importer(815301076,1909f56bfc062723c751e8b465ee728b)
Start importing Assets/Scripts/GameScripts/screenshot.cs using Guid(9817b757450f6354597b9985bd339281) Importer(815301076,1909f56bfc062723c751e8b465ee728b)  -> (artifact id: '206a1d890704fc7895e7322bc92cf0f2') in 6.976411 seconds 
AssetImportWorkerClient::OnTransportError - code=121 error=The semaphore timeout period has expired.
